<?xml version="1.0" encoding="UTF-8"?>
<!-- Generated by org.testng.reporters.JUnitXMLReporter -->
<testsuite ignored="0" hostname="DESKTOP-HUF4NTE" failures="0" tests="2" name="Default test" time="12.834" errors="0" timestamp="2022-04-23T15:10:41 EET">
  <testcase classname="YoutubeSearchTests.YoutubeSearchTest" name="youtubeTitleAssertion" time="12.31"/>
  <testcase classname="YoutubeSearchTests.YoutubeSearchTest" name="youtubeTitleAssertion" time="12.34"/>
</testsuite> <!-- Default test -->
