<?xml version="1.0" encoding="UTF-8"?>
<!-- Generated by org.testng.reporters.JUnitXMLReporter -->
<testsuite ignored="0" hostname="DESKTOP-HUF4NTE" failures="0" tests="2" name="YoutubeTest" time="12.873" errors="0" timestamp="2022-04-23T15:14:51 EET">
  <testcase classname="YoutubeSearchTests.YoutubeSearchTest" name="youtubeTitleAssertion" time="11.911"/>
  <testcase classname="YoutubeSearchTests.YoutubeSearchTest" name="youtubeTitleAssertion" time="12.343"/>
</testsuite> <!-- YoutubeTest -->
