<?xml version="1.0" encoding="UTF-8"?>
<!-- Generated by org.testng.reporters.JUnitXMLReporter -->
<testsuite ignored="0" hostname="DESKTOP-HUF4NTE" failures="0" tests="2" name="Command line test" time="13.163" errors="0" timestamp="2022-04-23T02:00:37 EET">
  <testcase classname="YoutubeSearchTests.YoutubeSearchTest" name="youtubeTitleAssertion" time="12.301"/>
  <testcase classname="YoutubeSearchTests.YoutubeSearchTest" name="youtubeTitleAssertion" time="12.73"/>
</testsuite> <!-- Command line test -->
