<?xml version="1.0" encoding="UTF-8"?>
<testng-results ignored="0" total="2" passed="2" failed="0" skipped="0">
  <reporter-output>
  </reporter-output>
  <suite started-at="2022-04-23T01:59:54 EET" name="Suite" finished-at="2022-04-23T02:00:07 EET" duration-ms="12707">
    <groups>
    </groups>
    <test started-at="2022-04-23T01:59:54 EET" name="YoutubeTest" finished-at="2022-04-23T02:00:07 EET" duration-ms="12707">
      <class name="YoutubeSearchTests.YoutubeSearchTest">
        <test-method signature="youtubeTitleAssertion(java.lang.String,java.lang.String,java.lang.String,java.lang.String)[pri:0, instance:YoutubeSearchTests.YoutubeSearchTest@1b1426f4]" started-at="2022-04-23T01:59:54 EET" name="youtubeTitleAssertion" data-provider="youtubeSearchData" finished-at="2022-04-23T02:00:07 EET" duration-ms="12253" status="PASS">
          <params>
            <param index="0">
              <value>
                <![CDATA[Selenium Tutorial]]>
              </value>
            </param>
            <param index="1">
              <value>
                <![CDATA[Type]]>
              </value>
            </param>
            <param index="2">
              <value>
                <![CDATA[Video]]>
              </value>
            </param>
            <param index="3">
              <value>
                <![CDATA[10]]>
              </value>
            </param>
          </params>
          <reporter-output>
          </reporter-output>
        </test-method> <!-- youtubeTitleAssertion -->
        <test-method signature="youtubeTitleAssertion(java.lang.String,java.lang.String,java.lang.String,java.lang.String)[pri:0, instance:YoutubeSearchTests.YoutubeSearchTest@1b1426f4]" started-at="2022-04-23T01:59:54 EET" name="youtubeTitleAssertion" data-provider="youtubeSearchData" finished-at="2022-04-23T02:00:07 EET" duration-ms="12299" status="PASS">
          <params>
            <param index="0">
              <value>
                <![CDATA[Selenium Tutorial]]>
              </value>
            </param>
            <param index="1">
              <value>
                <![CDATA[Type]]>
              </value>
            </param>
            <param index="2">
              <value>
                <![CDATA[Video]]>
              </value>
            </param>
            <param index="3">
              <value>
                <![CDATA[3]]>
              </value>
            </param>
          </params>
          <reporter-output>
          </reporter-output>
        </test-method> <!-- youtubeTitleAssertion -->
      </class> <!-- YoutubeSearchTests.YoutubeSearchTest -->
    </test> <!-- YoutubeTest -->
  </suite> <!-- Suite -->
</testng-results>
